TN:
SF:src/components/common/FloatingLabelInput.tsx
FN:11,(anonymous_0)
FN:28,(anonymous_1)
FN:32,(anonymous_2)
FNF:3
FNH:1
FNDA:9,(anonymous_0)
FNDA:0,(anonymous_1)
FNDA:0,(anonymous_2)
DA:11,1
DA:13,9
DA:14,9
DA:15,9
DA:17,9
DA:29,0
DA:30,0
DA:33,0
DA:34,0
DA:75,1
LF:10
LH:6
BRDA:14,0,0,9
BRDA:14,0,1,9
BRDA:15,1,0,9
BRDA:15,1,1,9
BRDA:20,2,0,9
BRDA:20,2,1,1
BRDA:42,3,0,9
BRDA:42,3,1,1
BRDA:43,4,0,1
BRDA:43,4,1,8
BRDA:52,5,0,9
BRDA:52,5,1,1
BRDA:53,6,0,1
BRDA:53,6,1,8
BRDA:56,7,0,1
BRDA:56,7,1,8
BRDA:58,8,0,1
BRDA:58,8,1,7
BRDA:64,9,0,9
BRDA:64,9,1,1
BRDA:67,10,0,9
BRDA:67,10,1,1
BRF:22
BRH:22
end_of_record
TN:
SF:src/components/common/GlassButton.tsx
FN:18,(anonymous_0)
FNF:1
FNH:1
FNDA:9,(anonymous_0)
DA:18,1
DA:32,9
DA:40,9
DA:68,9
DA:75,9
DA:83,9
DA:130,1
LF:7
LH:7
BRDA:21,0,0,9
BRDA:22,1,0,9
BRDA:23,2,0,9
BRDA:24,3,0,9
BRDA:25,4,0,9
BRDA:27,5,0,9
BRDA:29,6,0,9
BRDA:79,7,0,9
BRDA:79,7,1,1
BRDA:89,8,0,9
BRDA:89,8,1,7
BRDA:97,9,0,9
BRDA:97,9,1,1
BRDA:119,10,0,9
BRDA:119,10,1,1
BRDA:119,10,2,1
BRDA:121,11,0,9
BRDA:121,11,1,1
BRDA:121,11,2,1
BRF:19
BRH:19
end_of_record
TN:
SF:src/utils/cn.ts
FN:8,cn
FNF:1
FNH:1
FNDA:81,cn
DA:9,81
LF:1
LH:1
BRF:0
BRH:0
end_of_record
TN:
SF:src/utils/validation.ts
FN:3,(anonymous_0)
FN:7,(anonymous_1)
FN:12,(anonymous_2)
FN:23,(anonymous_3)
FN:37,(anonymous_4)
FN:49,(anonymous_5)
FNF:6
FNH:6
FNDA:3,(anonymous_0)
FNDA:14,(anonymous_1)
FNDA:13,(anonymous_2)
FNDA:11,(anonymous_3)
FNDA:7,(anonymous_4)
FNDA:8,(anonymous_5)
DA:3,1
DA:4,3
DA:7,1
DA:8,14
DA:9,14
DA:12,1
DA:13,13
DA:15,13
DA:16,13
DA:17,13
DA:19,3
DA:23,1
DA:24,11
DA:27,10
DA:30,10
DA:31,2
DA:34,8
DA:37,1
DA:38,7
DA:40,6
DA:41,6
DA:42,6
DA:43,6
DA:45,0
DA:49,1
DA:50,8
DA:53,8
DA:54,1
DA:55,7
DA:56,1
DA:57,6
DA:58,0
DA:62,8
DA:63,1
DA:64,7
DA:65,0
DA:66,7
DA:67,0
DA:71,8
DA:72,0
DA:73,8
DA:74,1
DA:75,7
DA:76,0
DA:80,8
DA:81,0
DA:82,8
DA:83,1
DA:84,7
DA:85,0
DA:89,8
DA:90,2
DA:91,1
DA:92,1
DA:93,0
DA:97,8
LF:56
LH:47
BRDA:15,0,0,9
BRDA:15,0,1,4
BRDA:24,1,0,1
BRDA:24,1,1,10
BRDA:30,2,0,2
BRDA:30,2,1,8
BRDA:30,3,0,10
BRDA:30,3,1,10
BRDA:38,4,0,1
BRDA:38,4,1,6
BRDA:43,5,0,6
BRDA:43,5,1,3
BRDA:53,6,0,1
BRDA:53,6,1,7
BRDA:55,7,0,1
BRDA:55,7,1,6
BRDA:57,8,0,0
BRDA:57,8,1,6
BRDA:62,9,0,1
BRDA:62,9,1,7
BRDA:64,10,0,0
BRDA:64,10,1,7
BRDA:66,11,0,0
BRDA:66,11,1,7
BRDA:71,12,0,0
BRDA:71,12,1,8
BRDA:73,13,0,1
BRDA:73,13,1,7
BRDA:75,14,0,0
BRDA:75,14,1,7
BRDA:80,15,0,0
BRDA:80,15,1,8
BRDA:82,16,0,1
BRDA:82,16,1,7
BRDA:84,17,0,0
BRDA:84,17,1,7
BRDA:89,18,0,2
BRDA:89,18,1,6
BRDA:90,19,0,1
BRDA:90,19,1,1
BRDA:92,20,0,0
BRDA:92,20,1,1
BRF:42
BRH:34
end_of_record
